Logfile initialized
[INFO] logfile = /Users/tjatse/Documents/Titanium Studio Workspace/TiToast/build.log
[DEBUG] /Users/tjatse/Library/Application Support/Titanium/mobilesdk/osx/3.0.0.GA/android/builder.py simulator TiToast /Users/tjatse/Downloads/android-sdk-macosx /Users/tjatse/Documents/Titanium Studio Workspace/TiToast com.beyondlink.toast 10 HVGA 
[INFO] Building TiToast for Android ... one moment
[INFO] plugin=/Users/tjatse/Library/Application Support/Titanium/plugins/ti.alloy/1.0/plugin.py
[INFO] Detected compiler plugin: ti.alloy/1.0
[INFO] Titanium SDK version: 3.0.0 (12/12/12 18:49 a5894b3)
[DEBUG] Waiting for device to be ready ...
[TRACE] adb devices returned 0 devices/emulators
[TRACE] adb devices returned 1 devices/emulators
[TRACE] adb devices returned 1 devices/emulators
[TRACE] adb devices returned 1 devices/emulators
[TRACE] adb devices returned 1 devices/emulators
[TRACE] adb devices returned 1 devices/emulators
[TRACE] adb devices returned 1 devices/emulators
[TRACE] adb devices returned 1 devices/emulators
[DEBUG] Device connected... (waited 35 seconds)
[DEBUG] waited 35.256952 seconds on emulator to get ready
[INFO] Waiting for the Android Emulator to become available
[DEBUG] com.beyondlink.toast installed? False
[INFO] Fastdev server running, deploying in Fastdev mode
[INFO] Copying CommonJS modules...
[INFO] Copying project resources..
[INFO] Detected change in tiapp.xml, or assets deleted. Forcing full re-build...
[TRACE] COPYING CREATED FILE: /Users/tjatse/Documents/Titanium Studio Workspace/TiToast/Resources/alloy/backbone.js => /Users/tjatse/Documents/Titanium Studio Workspace/TiToast/build/android/bin/assets/Resources/alloy/backbone.js
[TRACE] COPYING CREATED FILE: /Users/tjatse/Documents/Titanium Studio Workspace/TiToast/Resources/alloy/CFG.js => /Users/tjatse/Documents/Titanium Studio Workspace/TiToast/build/android/bin/assets/Resources/alloy/CFG.js
[TRACE] COPYING CREATED FILE: /Users/tjatse/Documents/Titanium Studio Workspace/TiToast/Resources/alloy/controllers/BaseController.js => /Users/tjatse/Documents/Titanium Studio Workspace/TiToast/build/android/bin/assets/Resources/alloy/controllers/BaseController.js
[TRACE] COPYING CREATED FILE: /Users/tjatse/Documents/Titanium Studio Workspace/TiToast/Resources/alloy/controllers/index.js => /Users/tjatse/Documents/Titanium Studio Workspace/TiToast/build/android/bin/assets/Resources/alloy/controllers/index.js
[TRACE] COPYING CREATED FILE: /Users/tjatse/Documents/Titanium Studio Workspace/TiToast/Resources/alloy/sync/localStorage.js => /Users/tjatse/Documents/Titanium Studio Workspace/TiToast/build/android/bin/assets/Resources/alloy/sync/localStorage.js
[TRACE] COPYING CREATED FILE: /Users/tjatse/Documents/Titanium Studio Workspace/TiToast/Resources/alloy/sync/properties.js => /Users/tjatse/Documents/Titanium Studio Workspace/TiToast/build/android/bin/assets/Resources/alloy/sync/properties.js
[TRACE] COPYING CREATED FILE: /Users/tjatse/Documents/Titanium Studio Workspace/TiToast/Resources/alloy/sync/sql.js => /Users/tjatse/Documents/Titanium Studio Workspace/TiToast/build/android/bin/assets/Resources/alloy/sync/sql.js
[TRACE] COPYING CREATED FILE: /Users/tjatse/Documents/Titanium Studio Workspace/TiToast/Resources/alloy/sync/sql_new.js => /Users/tjatse/Documents/Titanium Studio Workspace/TiToast/build/android/bin/assets/Resources/alloy/sync/sql_new.js
[TRACE] COPYING CREATED FILE: /Users/tjatse/Documents/Titanium Studio Workspace/TiToast/Resources/alloy/sync/util.js => /Users/tjatse/Documents/Titanium Studio Workspace/TiToast/build/android/bin/assets/Resources/alloy/sync/util.js
[TRACE] COPYING CREATED FILE: /Users/tjatse/Documents/Titanium Studio Workspace/TiToast/Resources/alloy/underscore.js => /Users/tjatse/Documents/Titanium Studio Workspace/TiToast/build/android/bin/assets/Resources/alloy/underscore.js
[TRACE] COPYING CREATED FILE: /Users/tjatse/Documents/Titanium Studio Workspace/TiToast/Resources/alloy/widgets/net.beyondlink.toast/controllers/widget.js => /Users/tjatse/Documents/Titanium Studio Workspace/TiToast/build/android/bin/assets/Resources/alloy/widgets/net.beyondlink.toast/controllers/widget.js
[TRACE] COPYING CREATED FILE: /Users/tjatse/Documents/Titanium Studio Workspace/TiToast/Resources/alloy.js => /Users/tjatse/Documents/Titanium Studio Workspace/TiToast/build/android/bin/assets/Resources/alloy.js
[TRACE] COPYING CREATED FILE: /Users/tjatse/Documents/Titanium Studio Workspace/TiToast/Resources/android/appicon.png => /Users/tjatse/Documents/Titanium Studio Workspace/TiToast/build/android/bin/assets/Resources/appicon.png
[TRACE] COPYING CREATED FILE: /Users/tjatse/Documents/Titanium Studio Workspace/TiToast/Resources/android/default.png => /Users/tjatse/Documents/Titanium Studio Workspace/TiToast/build/android/bin/assets/Resources/default.png
[TRACE] COPYING CREATED FILE: /Users/tjatse/Documents/Titanium Studio Workspace/TiToast/Resources/android/MarketplaceArtwork.png => /Users/tjatse/Documents/Titanium Studio Workspace/TiToast/build/android/bin/assets/Resources/MarketplaceArtwork.png
[TRACE] COPYING CREATED FILE: /Users/tjatse/Documents/Titanium Studio Workspace/TiToast/Resources/app.js => /Users/tjatse/Documents/Titanium Studio Workspace/TiToast/build/android/bin/assets/Resources/app.js
[TRACE] Generating Java Classes
[DEBUG] Processing Android resource drawables
[TRACE] COPYING FILE: /Users/tjatse/Documents/Titanium Studio Workspace/TiToast/Resources/android/images/res-long-land-hdpi/default.png => /Users/tjatse/Documents/Titanium Studio Workspace/TiToast/build/android/res/drawable-long-land-hdpi/default_d44e27d97b.png
[TRACE] COPYING FILE: /Users/tjatse/Documents/Titanium Studio Workspace/TiToast/Resources/android/images/res-long-land-ldpi/default.png => /Users/tjatse/Documents/Titanium Studio Workspace/TiToast/build/android/res/drawable-long-land-ldpi/default_d44e27d97b.png
[TRACE] COPYING FILE: /Users/tjatse/Documents/Titanium Studio Workspace/TiToast/Resources/android/images/res-long-port-hdpi/default.png => /Users/tjatse/Documents/Titanium Studio Workspace/TiToast/build/android/res/drawable-long-port-hdpi/default_d44e27d97b.png
[TRACE] COPYING FILE: /Users/tjatse/Documents/Titanium Studio Workspace/TiToast/Resources/android/images/res-long-port-ldpi/default.png => /Users/tjatse/Documents/Titanium Studio Workspace/TiToast/build/android/res/drawable-long-port-ldpi/default_d44e27d97b.png
[TRACE] COPYING FILE: /Users/tjatse/Documents/Titanium Studio Workspace/TiToast/Resources/android/images/res-notlong-land-hdpi/default.png => /Users/tjatse/Documents/Titanium Studio Workspace/TiToast/build/android/res/drawable-notlong-land-hdpi/default_d44e27d97b.png
[TRACE] COPYING FILE: /Users/tjatse/Documents/Titanium Studio Workspace/TiToast/Resources/android/images/res-notlong-land-ldpi/default.png => /Users/tjatse/Documents/Titanium Studio Workspace/TiToast/build/android/res/drawable-notlong-land-ldpi/default_d44e27d97b.png
[TRACE] COPYING FILE: /Users/tjatse/Documents/Titanium Studio Workspace/TiToast/Resources/android/images/res-notlong-land-mdpi/default.png => /Users/tjatse/Documents/Titanium Studio Workspace/TiToast/build/android/res/drawable-notlong-land-mdpi/default_d44e27d97b.png
[TRACE] COPYING FILE: /Users/tjatse/Documents/Titanium Studio Workspace/TiToast/Resources/android/images/res-notlong-port-hdpi/default.png => /Users/tjatse/Documents/Titanium Studio Workspace/TiToast/build/android/res/drawable-notlong-port-hdpi/default_d44e27d97b.png
[TRACE] COPYING FILE: /Users/tjatse/Documents/Titanium Studio Workspace/TiToast/Resources/android/images/res-notlong-port-ldpi/default.png => /Users/tjatse/Documents/Titanium Studio Workspace/TiToast/build/android/res/drawable-notlong-port-ldpi/default_d44e27d97b.png
[TRACE] COPYING FILE: /Users/tjatse/Documents/Titanium Studio Workspace/TiToast/Resources/android/images/res-notlong-port-mdpi/default.png => /Users/tjatse/Documents/Titanium Studio Workspace/TiToast/build/android/res/drawable-notlong-port-mdpi/default_d44e27d97b.png
[DEBUG] app stylesheet => /Users/tjatse/Documents/Titanium Studio Workspace/TiToast/build/android/gen/com/beyondlink/toast/ApplicationStylesheet.java
[DEBUG] copying app icon: /Users/tjatse/Documents/Titanium Studio Workspace/TiToast/build/android/bin/assets/Resources/appicon.png
[DEBUG] generating theme.xml
[DEBUG] found drawable-long-land-hdpi splash screen at /Users/tjatse/Documents/Titanium Studio Workspace/TiToast/Resources/android/images/res-long-land-hdpi/default.png
[DEBUG] copying /Users/tjatse/Documents/Titanium Studio Workspace/TiToast/Resources/android/images/res-long-land-hdpi/default.png splash screen to /Users/tjatse/Documents/Titanium Studio Workspace/TiToast/build/android/res/drawable-long-land-hdpi/background.png
[DEBUG] found drawable-long-land-ldpi splash screen at /Users/tjatse/Documents/Titanium Studio Workspace/TiToast/Resources/android/images/res-long-land-ldpi/default.png
[DEBUG] copying /Users/tjatse/Documents/Titanium Studio Workspace/TiToast/Resources/android/images/res-long-land-ldpi/default.png splash screen to /Users/tjatse/Documents/Titanium Studio Workspace/TiToast/build/android/res/drawable-long-land-ldpi/background.png
[DEBUG] found drawable-long-port-hdpi splash screen at /Users/tjatse/Documents/Titanium Studio Workspace/TiToast/Resources/android/images/res-long-port-hdpi/default.png
[DEBUG] copying /Users/tjatse/Documents/Titanium Studio Workspace/TiToast/Resources/android/images/res-long-port-hdpi/default.png splash screen to /Users/tjatse/Documents/Titanium Studio Workspace/TiToast/build/android/res/drawable-long-port-hdpi/background.png
[DEBUG] found drawable-long-port-ldpi splash screen at /Users/tjatse/Documents/Titanium Studio Workspace/TiToast/Resources/android/images/res-long-port-ldpi/default.png
[DEBUG] copying /Users/tjatse/Documents/Titanium Studio Workspace/TiToast/Resources/android/images/res-long-port-ldpi/default.png splash screen to /Users/tjatse/Documents/Titanium Studio Workspace/TiToast/build/android/res/drawable-long-port-ldpi/background.png
[DEBUG] found drawable-notlong-land-hdpi splash screen at /Users/tjatse/Documents/Titanium Studio Workspace/TiToast/Resources/android/images/res-notlong-land-hdpi/default.png
[DEBUG] copying /Users/tjatse/Documents/Titanium Studio Workspace/TiToast/Resources/android/images/res-notlong-land-hdpi/default.png splash screen to /Users/tjatse/Documents/Titanium Studio Workspace/TiToast/build/android/res/drawable-notlong-land-hdpi/background.png
[DEBUG] found drawable-notlong-land-ldpi splash screen at /Users/tjatse/Documents/Titanium Studio Workspace/TiToast/Resources/android/images/res-notlong-land-ldpi/default.png
[DEBUG] copying /Users/tjatse/Documents/Titanium Studio Workspace/TiToast/Resources/android/images/res-notlong-land-ldpi/default.png splash screen to /Users/tjatse/Documents/Titanium Studio Workspace/TiToast/build/android/res/drawable-notlong-land-ldpi/background.png
[DEBUG] found drawable-notlong-land-mdpi splash screen at /Users/tjatse/Documents/Titanium Studio Workspace/TiToast/Resources/android/images/res-notlong-land-mdpi/default.png
[DEBUG] copying /Users/tjatse/Documents/Titanium Studio Workspace/TiToast/Resources/android/images/res-notlong-land-mdpi/default.png splash screen to /Users/tjatse/Documents/Titanium Studio Workspace/TiToast/build/android/res/drawable-notlong-land-mdpi/background.png
[DEBUG] found drawable-notlong-port-hdpi splash screen at /Users/tjatse/Documents/Titanium Studio Workspace/TiToast/Resources/android/images/res-notlong-port-hdpi/default.png
[DEBUG] copying /Users/tjatse/Documents/Titanium Studio Workspace/TiToast/Resources/android/images/res-notlong-port-hdpi/default.png splash screen to /Users/tjatse/Documents/Titanium Studio Workspace/TiToast/build/android/res/drawable-notlong-port-hdpi/background.png
[DEBUG] found drawable-notlong-port-ldpi splash screen at /Users/tjatse/Documents/Titanium Studio Workspace/TiToast/Resources/android/images/res-notlong-port-ldpi/default.png
[DEBUG] copying /Users/tjatse/Documents/Titanium Studio Workspace/TiToast/Resources/android/images/res-notlong-port-ldpi/default.png splash screen to /Users/tjatse/Documents/Titanium Studio Workspace/TiToast/build/android/res/drawable-notlong-port-ldpi/background.png
[DEBUG] found drawable-notlong-port-mdpi splash screen at /Users/tjatse/Documents/Titanium Studio Workspace/TiToast/Resources/android/images/res-notlong-port-mdpi/default.png
[DEBUG] copying /Users/tjatse/Documents/Titanium Studio Workspace/TiToast/Resources/android/images/res-notlong-port-mdpi/default.png splash screen to /Users/tjatse/Documents/Titanium Studio Workspace/TiToast/build/android/res/drawable-notlong-port-mdpi/background.png
[DEBUG] found splash screen at /Users/tjatse/Documents/Titanium Studio Workspace/TiToast/build/android/bin/assets/Resources/default.png
[TRACE] Writing out AndroidManifest.xml
[DEBUG] adding /Users/tjatse/Documents/Titanium Studio Workspace/TiToast/build/android/gen/com/beyondlink/toast/ApplicationStylesheet.java to javac build list
[DEBUG] adding /Users/tjatse/Documents/Titanium Studio Workspace/TiToast/build/android/gen/com/beyondlink/toast/R.java to javac build list
[DEBUG] adding /Users/tjatse/Documents/Titanium Studio Workspace/TiToast/build/android/gen/com/beyondlink/toast/TitoastActivity.java to javac build list
[DEBUG] adding /Users/tjatse/Documents/Titanium Studio Workspace/TiToast/build/android/gen/com/beyondlink/toast/TitoastAppInfo.java to javac build list
[DEBUG] adding /Users/tjatse/Documents/Titanium Studio Workspace/TiToast/build/android/gen/com/beyondlink/toast/TitoastApplication.java to javac build list
[DEBUG] Building Java Sources: "/Users/tjatse/Documents/Titanium Studio Workspace/TiToast/build/android/gen/com/beyondlink/toast/ApplicationStylesheet.java" "/Users/tjatse/Documents/Titanium Studio Workspace/TiToast/build/android/gen/com/beyondlink/toast/R.java" "/Users/tjatse/Documents/Titanium Studio Workspace/TiToast/build/android/gen/com/beyondlink/toast/TitoastActivity.java" "/Users/tjatse/Documents/Titanium Studio Workspace/TiToast/build/android/gen/com/beyondlink/toast/TitoastAppInfo.java" "/Users/tjatse/Documents/Titanium Studio Workspace/TiToast/build/android/gen/com/beyondlink/toast/TitoastApplication.java"
[INFO] Compiling Android Resources... This could take some time
[DEBUG] Android classes.dex built
[DEBUG] creating unsigned apk: /Users/tjatse/Documents/Titanium Studio Workspace/TiToast/build/android/bin/app-unsigned.apk
[DEBUG] from resource zip => assets/Resources/alloy/controllers/BaseController.js
[DEBUG] from resource zip => assets/Resources/alloy/controllers/index.js
[DEBUG] from resource zip => assets/Resources/alloy/sync/localStorage.js
[DEBUG] from resource zip => assets/Resources/alloy/sync/properties.js
[DEBUG] from resource zip => assets/Resources/alloy/sync/sql.js
[DEBUG] from resource zip => assets/Resources/alloy/sync/sql_new.js
[DEBUG] from resource zip => assets/Resources/alloy/sync/util.js
[DEBUG] from resource zip => assets/Resources/alloy/widgets/net.beyondlink.toast/controllers/widget.js
[DEBUG] from resource zip => assets/Resources/alloy/CFG.js
[DEBUG] from resource zip => assets/Resources/alloy/backbone.js
[DEBUG] from resource zip => assets/Resources/alloy/underscore.js
[DEBUG] from resource zip => assets/Resources/MarketplaceArtwork.png
[DEBUG] from resource zip => assets/Resources/alloy.js
[DEBUG] from resource zip => assets/Resources/app.js
[DEBUG] from resource zip => assets/Resources/appicon.png
[DEBUG] from resource zip => assets/Resources/default.png
[DEBUG] from resource zip => assets/app.json
[DEBUG] from resource zip => assets/index.json
[DEBUG] from resource zip => assets/tiapp.xml
[DEBUG] from resource zip => res/drawable/appicon.png
[DEBUG] from resource zip => res/drawable/background.png
[DEBUG] from resource zip => res/drawable/close.png
[DEBUG] from resource zip => res/drawable/facebook_login.png
[DEBUG] from resource zip => res/drawable/facebook_login_down.png
[DEBUG] from resource zip => res/drawable/facebook_login_wide.png
[DEBUG] from resource zip => res/drawable/facebook_login_wide_down.png
[DEBUG] from resource zip => res/drawable/facebook_logout.png
[DEBUG] from resource zip => res/drawable/facebook_logout_down.png
[DEBUG] from resource zip => res/layout/titanium_tabgroup.xml
[DEBUG] from resource zip => AndroidManifest.xml
[DEBUG] from resource zip => resources.arsc
[DEBUG] from resource zip => res/drawable-hdpi/close.png
[DEBUG] from resource zip => res/drawable-ldpi/close.png
[DEBUG] from resource zip => res/drawable-long-land-hdpi/background.png
[DEBUG] from resource zip => res/drawable-long-land-hdpi/default_d44e27d97b.png
[DEBUG] from resource zip => res/drawable-long-land-ldpi/background.png
[DEBUG] from resource zip => res/drawable-long-land-ldpi/default_d44e27d97b.png
[DEBUG] from resource zip => res/drawable-long-port-hdpi/background.png
[DEBUG] from resource zip => res/drawable-long-port-hdpi/default_d44e27d97b.png
[DEBUG] from resource zip => res/drawable-long-port-ldpi/background.png
[DEBUG] from resource zip => res/drawable-long-port-ldpi/default_d44e27d97b.png
[DEBUG] from resource zip => res/drawable-notlong-land-hdpi/background.png
[DEBUG] from resource zip => res/drawable-notlong-land-hdpi/default_d44e27d97b.png
[DEBUG] from resource zip => res/drawable-notlong-land-ldpi/background.png
[DEBUG] from resource zip => res/drawable-notlong-land-ldpi/default_d44e27d97b.png
[DEBUG] from resource zip => res/drawable-notlong-land-mdpi/background.png
[DEBUG] from resource zip => res/drawable-notlong-land-mdpi/default_d44e27d97b.png
[DEBUG] from resource zip => res/drawable-notlong-port-hdpi/background.png
[DEBUG] from resource zip => res/drawable-notlong-port-hdpi/default_d44e27d97b.png
[DEBUG] from resource zip => res/drawable-notlong-port-ldpi/background.png
[DEBUG] from resource zip => res/drawable-notlong-port-ldpi/default_d44e27d97b.png
[DEBUG] from resource zip => res/drawable-notlong-port-mdpi/background.png
[DEBUG] from resource zip => res/drawable-notlong-port-mdpi/default_d44e27d97b.png
[DEBUG] from JAR /Users/tjatse/Library/Application Support/Titanium/mobilesdk/osx/3.0.0.GA/android/titanium.jar => org/appcelerator/titanium/build.properties
[DEBUG] from JAR /Users/tjatse/Library/Application Support/Titanium/mobilesdk/osx/3.0.0.GA/android/titanium.jar => org/appcelerator/titanium/res/drawable/background.png
[DEBUG] from JAR /Users/tjatse/Library/Application Support/Titanium/mobilesdk/osx/3.0.0.GA/android/titanium.jar => org/appcelerator/titanium/res/drawable/btn_check_buttonless_on.png
[DEBUG] from JAR /Users/tjatse/Library/Application Support/Titanium/mobilesdk/osx/3.0.0.GA/android/titanium.jar => org/appcelerator/titanium/res/drawable/btn_check_buttonless_on_18.png
[DEBUG] from JAR /Users/tjatse/Library/Application Support/Titanium/mobilesdk/osx/3.0.0.GA/android/titanium.jar => org/appcelerator/titanium/res/drawable/btn_check_buttonless_on_48.png
[DEBUG] from JAR /Users/tjatse/Library/Application Support/Titanium/mobilesdk/osx/3.0.0.GA/android/titanium.jar => org/appcelerator/titanium/res/drawable/btn_check_buttonless_on_64.png
[DEBUG] from JAR /Users/tjatse/Library/Application Support/Titanium/mobilesdk/osx/3.0.0.GA/android/titanium.jar => org/appcelerator/titanium/res/drawable/btn_more.png
[DEBUG] from JAR /Users/tjatse/Library/Application Support/Titanium/mobilesdk/osx/3.0.0.GA/android/titanium.jar => org/appcelerator/titanium/res/drawable/btn_more_18.png
[DEBUG] from JAR /Users/tjatse/Library/Application Support/Titanium/mobilesdk/osx/3.0.0.GA/android/titanium.jar => org/appcelerator/titanium/res/drawable/btn_more_48.png
[DEBUG] from JAR /Users/tjatse/Library/Application Support/Titanium/mobilesdk/osx/3.0.0.GA/android/titanium.jar => org/appcelerator/titanium/res/drawable/btn_more_64.png
[DEBUG] from JAR /Users/tjatse/Library/Application Support/Titanium/mobilesdk/osx/3.0.0.GA/android/titanium.jar => org/appcelerator/titanium/res/drawable/btn_picker_normal.9.png
[DEBUG] from JAR /Users/tjatse/Library/Application Support/Titanium/mobilesdk/osx/3.0.0.GA/android/titanium.jar => org/appcelerator/titanium/res/drawable/btn_picker_pressed.9.png
[DEBUG] from JAR /Users/tjatse/Library/Application Support/Titanium/mobilesdk/osx/3.0.0.GA/android/titanium.jar => org/appcelerator/titanium/res/drawable/btn_picker_selected.9.png
[DEBUG] from JAR /Users/tjatse/Library/Application Support/Titanium/mobilesdk/osx/3.0.0.GA/android/titanium.jar => org/appcelerator/titanium/res/drawable/default_icon.png
[DEBUG] from JAR /Users/tjatse/Library/Application Support/Titanium/mobilesdk/osx/3.0.0.GA/android/titanium.jar => org/appcelerator/titanium/res/drawable/photoDefault.png
[DEBUG] from JAR /Users/tjatse/Library/Application Support/Titanium/mobilesdk/osx/3.0.0.GA/android/modules/titanium-facebook.jar => ti/modules/titanium/facebook/LICENSE
[DEBUG] from JAR /Users/tjatse/Library/Application Support/Titanium/mobilesdk/osx/3.0.0.GA/android/thirdparty.jar => org/apache/Commons-NOTICE.txt
[DEBUG] from JAR /Users/tjatse/Library/Application Support/Titanium/mobilesdk/osx/3.0.0.GA/android/thirdparty.jar => org/apache/HttpComponents-NOTICE.txt
[DEBUG] from JAR /Users/tjatse/Library/Application Support/Titanium/mobilesdk/osx/3.0.0.GA/android/thirdparty.jar => org/apache/mime4j-NOTICE.txt
[DEBUG] from JAR /Users/tjatse/Library/Application Support/Titanium/mobilesdk/osx/3.0.0.GA/android/modules/titanium-ui.jar => ti/modules/titanium/ui/widget/webview/binding.js
[DEBUG] from JAR /Users/tjatse/Library/Application Support/Titanium/mobilesdk/osx/3.0.0.GA/android/modules/titanium-ui.jar => ti/modules/titanium/ui/widget/webview/binding.min.js
[DEBUG] from JAR /Users/tjatse/Library/Application Support/Titanium/mobilesdk/osx/3.0.0.GA/android/modules/titanium-ui.jar => ti/modules/titanium/ui/widget/webview/json2.js
[DEBUG] from JAR /Users/tjatse/Library/Application Support/Titanium/mobilesdk/osx/3.0.0.GA/android/modules/titanium-ui.jar => ti/modules/titanium/ui/widget/webview/polling.js
[DEBUG] from JAR /Users/tjatse/Library/Application Support/Titanium/mobilesdk/osx/3.0.0.GA/android/modules/titanium-ui.jar => ti/modules/titanium/ui/widget/webview/polling.min.js
[DEBUG] installing native lib: /Users/tjatse/Documents/Titanium Studio Workspace/TiToast/modules/android/ti.physicalsizecategory/1.0/libs/armeabi/libti.physicalSizeCategory.so
[DEBUG] installing native lib: /Users/tjatse/Documents/Titanium Studio Workspace/TiToast/modules/android/ti.physicalsizecategory/1.0/libs/armeabi-v7a/libti.physicalSizeCategory.so
[DEBUG] installing native lib: /Users/tjatse/Documents/Titanium Studio Workspace/TiToast/modules/android/ti.physicalsizecategory/1.0/libs/x86/libti.physicalSizeCategory.so
[DEBUG] installing native SDK libs
[DEBUG] Waiting for device to be ready ...
[TRACE] adb devices returned 1 devices/emulators
[DEBUG] Device connected... (waited 0 seconds)
[DEBUG] waited 0.036574 seconds on emulator to get ready
[INFO] Installing application on emulator
[INFO] Launching application ... TiToast
[TRACE] Launch output: Starting: Intent { act=android.intent.action.MAIN cat=[android.intent.category.LAUNCHER] flg=0x10200000 cmp=com.beyondlink.toast/.TitoastActivity }

[INFO] Deployed TiToast ... Application should be running.
